2018-11-26 11:17:53 上午 [Thread: main][ Class:org.springframework.test.context.support.DefaultTestContextBootstrapper >> Method: org.springframework.test.context.support.AbstractTestContextBootstrapper.getDefaultTestExecutionListenerClassNames(AbstractTestContextBootstrapper.java:260) ]
INFO:Loaded default TestExecutionListener class names from location [META-INF/spring.factories]: [org.springframework.test.context.web.ServletTestExecutionListener, org.springframework.test.context.support.DirtiesContextBeforeModesTestExecutionListener, org.springframework.test.context.support.DependencyInjectionTestExecutionListener, org.springframework.test.context.support.DirtiesContextTestExecutionListener, org.springframework.test.context.transaction.TransactionalTestExecutionListener, org.springframework.test.context.jdbc.SqlScriptsTestExecutionListener]
2018-11-26 11:17:53 上午 [Thread: main][ Class:org.springframework.test.context.support.DefaultTestContextBootstrapper >> Method: org.springframework.test.context.support.AbstractTestContextBootstrapper.getTestExecutionListeners(AbstractTestContextBootstrapper.java:187) ]
INFO:Using TestExecutionListeners: [org.springframework.test.context.web.ServletTestExecutionListener@6c3708b3, org.springframework.test.context.support.DirtiesContextBeforeModesTestExecutionListener@6f1fba17, org.springframework.test.context.support.DependencyInjectionTestExecutionListener@185d8b6, org.springframework.test.context.support.DirtiesContextTestExecutionListener@67784306, org.springframework.test.context.transaction.TransactionalTestExecutionListener@335eadca, org.springframework.test.context.jdbc.SqlScriptsTestExecutionListener@210366b4]
2018-11-26 11:17:55 上午 [Thread: main][ Class:org.springframework.beans.factory.xml.XmlBeanDefinitionReader >> Method: org.springframework.beans.factory.xml.XmlBeanDefinitionReader.loadBeanDefinitions(XmlBeanDefinitionReader.java:317) ]
INFO:Loading XML bean definitions from class path resource [spring/springDao.xml]
2018-11-26 11:17:57 上午 [Thread: main][ Class:org.springframework.beans.factory.xml.XmlBeanDefinitionReader >> Method: org.springframework.beans.factory.xml.XmlBeanDefinitionReader.loadBeanDefinitions(XmlBeanDefinitionReader.java:317) ]
INFO:Loading XML bean definitions from class path resource [spring/redis-context.xml]
2018-11-26 11:17:59 上午 [Thread: main][ Class:org.springframework.context.support.GenericApplicationContext >> Method: org.springframework.context.support.AbstractApplicationContext.prepareRefresh(AbstractApplicationContext.java:582) ]
INFO:Refreshing org.springframework.context.support.GenericApplicationContext@33f88ab: startup date [Mon Nov 26 11:17:59 CST 2018]; root of context hierarchy
2018-11-26 11:18:01 上午 [Thread: main][ Class:org.springframework.context.support.PropertySourcesPlaceholderConfigurer >> Method: org.springframework.core.io.support.PropertiesLoaderSupport.loadProperties(PropertiesLoaderSupport.java:172) ]
INFO:Loading properties file from class path resource [spring/jdbc.properties]
2018-11-26 11:18:11 上午 [Thread: Thread-3][ Class:org.springframework.context.support.GenericApplicationContext >> Method: org.springframework.context.support.AbstractApplicationContext.doClose(AbstractApplicationContext.java:987) ]
INFO:Closing org.springframework.context.support.GenericApplicationContext@33f88ab: startup date [Mon Nov 26 11:17:59 CST 2018]; root of context hierarchy
2018-11-26 11:19:48 上午 [Thread: main][ Class:org.springframework.test.context.support.DefaultTestContextBootstrapper >> Method: org.springframework.test.context.support.AbstractTestContextBootstrapper.getDefaultTestExecutionListenerClassNames(AbstractTestContextBootstrapper.java:260) ]
INFO:Loaded default TestExecutionListener class names from location [META-INF/spring.factories]: [org.springframework.test.context.web.ServletTestExecutionListener, org.springframework.test.context.support.DirtiesContextBeforeModesTestExecutionListener, org.springframework.test.context.support.DependencyInjectionTestExecutionListener, org.springframework.test.context.support.DirtiesContextTestExecutionListener, org.springframework.test.context.transaction.TransactionalTestExecutionListener, org.springframework.test.context.jdbc.SqlScriptsTestExecutionListener]
2018-11-26 11:19:48 上午 [Thread: main][ Class:org.springframework.test.context.support.DefaultTestContextBootstrapper >> Method: org.springframework.test.context.support.AbstractTestContextBootstrapper.getTestExecutionListeners(AbstractTestContextBootstrapper.java:187) ]
INFO:Using TestExecutionListeners: [org.springframework.test.context.web.ServletTestExecutionListener@6c3708b3, org.springframework.test.context.support.DirtiesContextBeforeModesTestExecutionListener@6f1fba17, org.springframework.test.context.support.DependencyInjectionTestExecutionListener@185d8b6, org.springframework.test.context.support.DirtiesContextTestExecutionListener@67784306, org.springframework.test.context.transaction.TransactionalTestExecutionListener@335eadca, org.springframework.test.context.jdbc.SqlScriptsTestExecutionListener@210366b4]
2018-11-26 11:19:48 上午 [Thread: main][ Class:org.springframework.beans.factory.xml.XmlBeanDefinitionReader >> Method: org.springframework.beans.factory.xml.XmlBeanDefinitionReader.loadBeanDefinitions(XmlBeanDefinitionReader.java:317) ]
INFO:Loading XML bean definitions from class path resource [spring/springDao.xml]
2018-11-26 11:19:49 上午 [Thread: main][ Class:org.springframework.beans.factory.xml.XmlBeanDefinitionReader >> Method: org.springframework.beans.factory.xml.XmlBeanDefinitionReader.loadBeanDefinitions(XmlBeanDefinitionReader.java:317) ]
INFO:Loading XML bean definitions from class path resource [spring/redis-context.xml]
2018-11-26 11:19:50 上午 [Thread: main][ Class:org.springframework.context.support.GenericApplicationContext >> Method: org.springframework.context.support.AbstractApplicationContext.prepareRefresh(AbstractApplicationContext.java:582) ]
INFO:Refreshing org.springframework.context.support.GenericApplicationContext@33f88ab: startup date [Mon Nov 26 11:19:50 CST 2018]; root of context hierarchy
2018-11-26 11:19:51 上午 [Thread: main][ Class:org.springframework.context.support.PropertySourcesPlaceholderConfigurer >> Method: org.springframework.core.io.support.PropertiesLoaderSupport.loadProperties(PropertiesLoaderSupport.java:172) ]
INFO:Loading properties file from class path resource [spring/jdbc.properties]
2018-11-26 11:20:02 上午 [Thread: Thread-3][ Class:org.springframework.context.support.GenericApplicationContext >> Method: org.springframework.context.support.AbstractApplicationContext.doClose(AbstractApplicationContext.java:987) ]
INFO:Closing org.springframework.context.support.GenericApplicationContext@33f88ab: startup date [Mon Nov 26 11:19:50 CST 2018]; root of context hierarchy
2018-11-26 11:22:49 上午 [Thread: main][ Class:org.springframework.test.context.support.DefaultTestContextBootstrapper >> Method: org.springframework.test.context.support.AbstractTestContextBootstrapper.getDefaultTestExecutionListenerClassNames(AbstractTestContextBootstrapper.java:260) ]
INFO:Loaded default TestExecutionListener class names from location [META-INF/spring.factories]: [org.springframework.test.context.web.ServletTestExecutionListener, org.springframework.test.context.support.DirtiesContextBeforeModesTestExecutionListener, org.springframework.test.context.support.DependencyInjectionTestExecutionListener, org.springframework.test.context.support.DirtiesContextTestExecutionListener, org.springframework.test.context.transaction.TransactionalTestExecutionListener, org.springframework.test.context.jdbc.SqlScriptsTestExecutionListener]
2018-11-26 11:22:49 上午 [Thread: main][ Class:org.springframework.test.context.support.DefaultTestContextBootstrapper >> Method: org.springframework.test.context.support.AbstractTestContextBootstrapper.getTestExecutionListeners(AbstractTestContextBootstrapper.java:187) ]
INFO:Using TestExecutionListeners: [org.springframework.test.context.web.ServletTestExecutionListener@6c3708b3, org.springframework.test.context.support.DirtiesContextBeforeModesTestExecutionListener@6f1fba17, org.springframework.test.context.support.DependencyInjectionTestExecutionListener@185d8b6, org.springframework.test.context.support.DirtiesContextTestExecutionListener@67784306, org.springframework.test.context.transaction.TransactionalTestExecutionListener@335eadca, org.springframework.test.context.jdbc.SqlScriptsTestExecutionListener@210366b4]
2018-11-26 11:22:49 上午 [Thread: main][ Class:org.springframework.beans.factory.xml.XmlBeanDefinitionReader >> Method: org.springframework.beans.factory.xml.XmlBeanDefinitionReader.loadBeanDefinitions(XmlBeanDefinitionReader.java:317) ]
INFO:Loading XML bean definitions from class path resource [spring/springDao.xml]
2018-11-26 11:22:50 上午 [Thread: main][ Class:org.springframework.beans.factory.xml.XmlBeanDefinitionReader >> Method: org.springframework.beans.factory.xml.XmlBeanDefinitionReader.loadBeanDefinitions(XmlBeanDefinitionReader.java:317) ]
INFO:Loading XML bean definitions from class path resource [spring/redis-context.xml]
2018-11-26 11:22:51 上午 [Thread: main][ Class:org.springframework.context.support.GenericApplicationContext >> Method: org.springframework.context.support.AbstractApplicationContext.prepareRefresh(AbstractApplicationContext.java:582) ]
INFO:Refreshing org.springframework.context.support.GenericApplicationContext@33f88ab: startup date [Mon Nov 26 11:22:51 CST 2018]; root of context hierarchy
2018-11-26 11:22:54 上午 [Thread: main][ Class:org.springframework.context.support.PropertySourcesPlaceholderConfigurer >> Method: org.springframework.core.io.support.PropertiesLoaderSupport.loadProperties(PropertiesLoaderSupport.java:172) ]
INFO:Loading properties file from class path resource [spring/jdbc.properties]
2018-11-26 11:23:06 上午 [Thread: Thread-3][ Class:org.springframework.context.support.GenericApplicationContext >> Method: org.springframework.context.support.AbstractApplicationContext.doClose(AbstractApplicationContext.java:987) ]
INFO:Closing org.springframework.context.support.GenericApplicationContext@33f88ab: startup date [Mon Nov 26 11:22:51 CST 2018]; root of context hierarchy
2018-11-26 11:24:09 上午 [Thread: main][ Class:org.springframework.test.context.support.DefaultTestContextBootstrapper >> Method: org.springframework.test.context.support.AbstractTestContextBootstrapper.getDefaultTestExecutionListenerClassNames(AbstractTestContextBootstrapper.java:260) ]
INFO:Loaded default TestExecutionListener class names from location [META-INF/spring.factories]: [org.springframework.test.context.web.ServletTestExecutionListener, org.springframework.test.context.support.DirtiesContextBeforeModesTestExecutionListener, org.springframework.test.context.support.DependencyInjectionTestExecutionListener, org.springframework.test.context.support.DirtiesContextTestExecutionListener, org.springframework.test.context.transaction.TransactionalTestExecutionListener, org.springframework.test.context.jdbc.SqlScriptsTestExecutionListener]
2018-11-26 11:24:09 上午 [Thread: main][ Class:org.springframework.test.context.support.DefaultTestContextBootstrapper >> Method: org.springframework.test.context.support.AbstractTestContextBootstrapper.getTestExecutionListeners(AbstractTestContextBootstrapper.java:187) ]
INFO:Using TestExecutionListeners: [org.springframework.test.context.web.ServletTestExecutionListener@6c3708b3, org.springframework.test.context.support.DirtiesContextBeforeModesTestExecutionListener@6f1fba17, org.springframework.test.context.support.DependencyInjectionTestExecutionListener@185d8b6, org.springframework.test.context.support.DirtiesContextTestExecutionListener@67784306, org.springframework.test.context.transaction.TransactionalTestExecutionListener@335eadca, org.springframework.test.context.jdbc.SqlScriptsTestExecutionListener@210366b4]
2018-11-26 11:24:09 上午 [Thread: main][ Class:org.springframework.beans.factory.xml.XmlBeanDefinitionReader >> Method: org.springframework.beans.factory.xml.XmlBeanDefinitionReader.loadBeanDefinitions(XmlBeanDefinitionReader.java:317) ]
INFO:Loading XML bean definitions from class path resource [spring/springDao.xml]
2018-11-26 11:24:10 上午 [Thread: main][ Class:org.springframework.beans.factory.xml.XmlBeanDefinitionReader >> Method: org.springframework.beans.factory.xml.XmlBeanDefinitionReader.loadBeanDefinitions(XmlBeanDefinitionReader.java:317) ]
INFO:Loading XML bean definitions from class path resource [spring/redis-context.xml]
2018-11-26 11:24:11 上午 [Thread: main][ Class:org.springframework.context.support.GenericApplicationContext >> Method: org.springframework.context.support.AbstractApplicationContext.prepareRefresh(AbstractApplicationContext.java:582) ]
INFO:Refreshing org.springframework.context.support.GenericApplicationContext@33f88ab: startup date [Mon Nov 26 11:24:11 CST 2018]; root of context hierarchy
2018-11-26 11:24:12 上午 [Thread: main][ Class:org.springframework.context.support.PropertySourcesPlaceholderConfigurer >> Method: org.springframework.core.io.support.PropertiesLoaderSupport.loadProperties(PropertiesLoaderSupport.java:172) ]
INFO:Loading properties file from class path resource [spring/jdbc.properties]
2018-11-26 11:24:24 上午 [Thread: Thread-3][ Class:org.springframework.context.support.GenericApplicationContext >> Method: org.springframework.context.support.AbstractApplicationContext.doClose(AbstractApplicationContext.java:987) ]
INFO:Closing org.springframework.context.support.GenericApplicationContext@33f88ab: startup date [Mon Nov 26 11:24:11 CST 2018]; root of context hierarchy
2018-11-26 11:26:17 上午 [Thread: main][ Class:org.springframework.test.context.support.DefaultTestContextBootstrapper >> Method: org.springframework.test.context.support.AbstractTestContextBootstrapper.getDefaultTestExecutionListenerClassNames(AbstractTestContextBootstrapper.java:260) ]
INFO:Loaded default TestExecutionListener class names from location [META-INF/spring.factories]: [org.springframework.test.context.web.ServletTestExecutionListener, org.springframework.test.context.support.DirtiesContextBeforeModesTestExecutionListener, org.springframework.test.context.support.DependencyInjectionTestExecutionListener, org.springframework.test.context.support.DirtiesContextTestExecutionListener, org.springframework.test.context.transaction.TransactionalTestExecutionListener, org.springframework.test.context.jdbc.SqlScriptsTestExecutionListener]
2018-11-26 11:26:17 上午 [Thread: main][ Class:org.springframework.test.context.support.DefaultTestContextBootstrapper >> Method: org.springframework.test.context.support.AbstractTestContextBootstrapper.getTestExecutionListeners(AbstractTestContextBootstrapper.java:187) ]
INFO:Using TestExecutionListeners: [org.springframework.test.context.web.ServletTestExecutionListener@6c3708b3, org.springframework.test.context.support.DirtiesContextBeforeModesTestExecutionListener@6f1fba17, org.springframework.test.context.support.DependencyInjectionTestExecutionListener@185d8b6, org.springframework.test.context.support.DirtiesContextTestExecutionListener@67784306, org.springframework.test.context.transaction.TransactionalTestExecutionListener@335eadca, org.springframework.test.context.jdbc.SqlScriptsTestExecutionListener@210366b4]
2018-11-26 11:26:18 上午 [Thread: main][ Class:org.springframework.beans.factory.xml.XmlBeanDefinitionReader >> Method: org.springframework.beans.factory.xml.XmlBeanDefinitionReader.loadBeanDefinitions(XmlBeanDefinitionReader.java:317) ]
INFO:Loading XML bean definitions from class path resource [spring/springDao.xml]
2018-11-26 11:26:18 上午 [Thread: main][ Class:org.springframework.beans.factory.xml.XmlBeanDefinitionReader >> Method: org.springframework.beans.factory.xml.XmlBeanDefinitionReader.loadBeanDefinitions(XmlBeanDefinitionReader.java:317) ]
INFO:Loading XML bean definitions from class path resource [spring/redis-context.xml]
2018-11-26 11:26:19 上午 [Thread: main][ Class:org.springframework.context.support.GenericApplicationContext >> Method: org.springframework.context.support.AbstractApplicationContext.prepareRefresh(AbstractApplicationContext.java:582) ]
INFO:Refreshing org.springframework.context.support.GenericApplicationContext@33f88ab: startup date [Mon Nov 26 11:26:19 CST 2018]; root of context hierarchy
2018-11-26 11:26:21 上午 [Thread: main][ Class:org.springframework.context.support.PropertySourcesPlaceholderConfigurer >> Method: org.springframework.core.io.support.PropertiesLoaderSupport.loadProperties(PropertiesLoaderSupport.java:172) ]
INFO:Loading properties file from class path resource [spring/jdbc.properties]
2018-11-26 11:26:36 上午 [Thread: Thread-3][ Class:org.springframework.context.support.GenericApplicationContext >> Method: org.springframework.context.support.AbstractApplicationContext.doClose(AbstractApplicationContext.java:987) ]
INFO:Closing org.springframework.context.support.GenericApplicationContext@33f88ab: startup date [Mon Nov 26 11:26:19 CST 2018]; root of context hierarchy
2018-11-26 11:56:49 上午 [Thread: main][ Class:org.springframework.test.context.support.DefaultTestContextBootstrapper >> Method: org.springframework.test.context.support.AbstractTestContextBootstrapper.getDefaultTestExecutionListenerClassNames(AbstractTestContextBootstrapper.java:260) ]
INFO:Loaded default TestExecutionListener class names from location [META-INF/spring.factories]: [org.springframework.test.context.web.ServletTestExecutionListener, org.springframework.test.context.support.DirtiesContextBeforeModesTestExecutionListener, org.springframework.test.context.support.DependencyInjectionTestExecutionListener, org.springframework.test.context.support.DirtiesContextTestExecutionListener, org.springframework.test.context.transaction.TransactionalTestExecutionListener, org.springframework.test.context.jdbc.SqlScriptsTestExecutionListener]
2018-11-26 11:56:49 上午 [Thread: main][ Class:org.springframework.test.context.support.DefaultTestContextBootstrapper >> Method: org.springframework.test.context.support.AbstractTestContextBootstrapper.getTestExecutionListeners(AbstractTestContextBootstrapper.java:187) ]
INFO:Using TestExecutionListeners: [org.springframework.test.context.web.ServletTestExecutionListener@6c3708b3, org.springframework.test.context.support.DirtiesContextBeforeModesTestExecutionListener@6f1fba17, org.springframework.test.context.support.DependencyInjectionTestExecutionListener@185d8b6, org.springframework.test.context.support.DirtiesContextTestExecutionListener@67784306, org.springframework.test.context.transaction.TransactionalTestExecutionListener@335eadca, org.springframework.test.context.jdbc.SqlScriptsTestExecutionListener@210366b4]
2018-11-26 11:56:49 上午 [Thread: main][ Class:org.springframework.beans.factory.xml.XmlBeanDefinitionReader >> Method: org.springframework.beans.factory.xml.XmlBeanDefinitionReader.loadBeanDefinitions(XmlBeanDefinitionReader.java:317) ]
INFO:Loading XML bean definitions from class path resource [spring/springDao.xml]
2018-11-26 11:56:50 上午 [Thread: main][ Class:org.springframework.beans.factory.xml.XmlBeanDefinitionReader >> Method: org.springframework.beans.factory.xml.XmlBeanDefinitionReader.loadBeanDefinitions(XmlBeanDefinitionReader.java:317) ]
INFO:Loading XML bean definitions from class path resource [spring/redis-context.xml]
2018-11-26 11:56:51 上午 [Thread: main][ Class:org.springframework.context.support.GenericApplicationContext >> Method: org.springframework.context.support.AbstractApplicationContext.prepareRefresh(AbstractApplicationContext.java:582) ]
INFO:Refreshing org.springframework.context.support.GenericApplicationContext@33f88ab: startup date [Mon Nov 26 11:56:51 CST 2018]; root of context hierarchy
2018-11-26 11:56:52 上午 [Thread: main][ Class:org.springframework.context.support.PropertySourcesPlaceholderConfigurer >> Method: org.springframework.core.io.support.PropertiesLoaderSupport.loadProperties(PropertiesLoaderSupport.java:172) ]
INFO:Loading properties file from class path resource [spring/jdbc.properties]
2018-11-26 11:57:08 上午 [Thread: Thread-3][ Class:org.springframework.context.support.GenericApplicationContext >> Method: org.springframework.context.support.AbstractApplicationContext.doClose(AbstractApplicationContext.java:987) ]
INFO:Closing org.springframework.context.support.GenericApplicationContext@33f88ab: startup date [Mon Nov 26 11:56:51 CST 2018]; root of context hierarchy
2018-11-26 11:58:21 上午 [Thread: main][ Class:org.springframework.test.context.support.DefaultTestContextBootstrapper >> Method: org.springframework.test.context.support.AbstractTestContextBootstrapper.getDefaultTestExecutionListenerClassNames(AbstractTestContextBootstrapper.java:260) ]
INFO:Loaded default TestExecutionListener class names from location [META-INF/spring.factories]: [org.springframework.test.context.web.ServletTestExecutionListener, org.springframework.test.context.support.DirtiesContextBeforeModesTestExecutionListener, org.springframework.test.context.support.DependencyInjectionTestExecutionListener, org.springframework.test.context.support.DirtiesContextTestExecutionListener, org.springframework.test.context.transaction.TransactionalTestExecutionListener, org.springframework.test.context.jdbc.SqlScriptsTestExecutionListener]
2018-11-26 11:58:21 上午 [Thread: main][ Class:org.springframework.test.context.support.DefaultTestContextBootstrapper >> Method: org.springframework.test.context.support.AbstractTestContextBootstrapper.getTestExecutionListeners(AbstractTestContextBootstrapper.java:187) ]
INFO:Using TestExecutionListeners: [org.springframework.test.context.web.ServletTestExecutionListener@6c3708b3, org.springframework.test.context.support.DirtiesContextBeforeModesTestExecutionListener@6f1fba17, org.springframework.test.context.support.DependencyInjectionTestExecutionListener@185d8b6, org.springframework.test.context.support.DirtiesContextTestExecutionListener@67784306, org.springframework.test.context.transaction.TransactionalTestExecutionListener@335eadca, org.springframework.test.context.jdbc.SqlScriptsTestExecutionListener@210366b4]
2018-11-26 11:58:21 上午 [Thread: main][ Class:org.springframework.beans.factory.xml.XmlBeanDefinitionReader >> Method: org.springframework.beans.factory.xml.XmlBeanDefinitionReader.loadBeanDefinitions(XmlBeanDefinitionReader.java:317) ]
INFO:Loading XML bean definitions from class path resource [spring/springDao.xml]
2018-11-26 11:58:23 上午 [Thread: main][ Class:org.springframework.beans.factory.xml.XmlBeanDefinitionReader >> Method: org.springframework.beans.factory.xml.XmlBeanDefinitionReader.loadBeanDefinitions(XmlBeanDefinitionReader.java:317) ]
INFO:Loading XML bean definitions from class path resource [spring/redis-context.xml]
2018-11-26 11:58:24 上午 [Thread: main][ Class:org.springframework.context.support.GenericApplicationContext >> Method: org.springframework.context.support.AbstractApplicationContext.prepareRefresh(AbstractApplicationContext.java:582) ]
INFO:Refreshing org.springframework.context.support.GenericApplicationContext@33f88ab: startup date [Mon Nov 26 11:58:24 CST 2018]; root of context hierarchy
2018-11-26 11:58:25 上午 [Thread: main][ Class:org.springframework.context.support.PropertySourcesPlaceholderConfigurer >> Method: org.springframework.core.io.support.PropertiesLoaderSupport.loadProperties(PropertiesLoaderSupport.java:172) ]
INFO:Loading properties file from class path resource [spring/jdbc.properties]
2018-11-26 11:58:37 上午 [Thread: Thread-3][ Class:org.springframework.context.support.GenericApplicationContext >> Method: org.springframework.context.support.AbstractApplicationContext.doClose(AbstractApplicationContext.java:987) ]
INFO:Closing org.springframework.context.support.GenericApplicationContext@33f88ab: startup date [Mon Nov 26 11:58:24 CST 2018]; root of context hierarchy
2018-11-26 12:07:37 下午 [Thread: main][ Class:org.springframework.test.context.support.DefaultTestContextBootstrapper >> Method: org.springframework.test.context.support.AbstractTestContextBootstrapper.getDefaultTestExecutionListenerClassNames(AbstractTestContextBootstrapper.java:260) ]
INFO:Loaded default TestExecutionListener class names from location [META-INF/spring.factories]: [org.springframework.test.context.web.ServletTestExecutionListener, org.springframework.test.context.support.DirtiesContextBeforeModesTestExecutionListener, org.springframework.test.context.support.DependencyInjectionTestExecutionListener, org.springframework.test.context.support.DirtiesContextTestExecutionListener, org.springframework.test.context.transaction.TransactionalTestExecutionListener, org.springframework.test.context.jdbc.SqlScriptsTestExecutionListener]
2018-11-26 12:07:37 下午 [Thread: main][ Class:org.springframework.test.context.support.DefaultTestContextBootstrapper >> Method: org.springframework.test.context.support.AbstractTestContextBootstrapper.getTestExecutionListeners(AbstractTestContextBootstrapper.java:187) ]
INFO:Using TestExecutionListeners: [org.springframework.test.context.web.ServletTestExecutionListener@6c3708b3, org.springframework.test.context.support.DirtiesContextBeforeModesTestExecutionListener@6f1fba17, org.springframework.test.context.support.DependencyInjectionTestExecutionListener@185d8b6, org.springframework.test.context.support.DirtiesContextTestExecutionListener@67784306, org.springframework.test.context.transaction.TransactionalTestExecutionListener@335eadca, org.springframework.test.context.jdbc.SqlScriptsTestExecutionListener@210366b4]
2018-11-26 12:07:38 下午 [Thread: main][ Class:org.springframework.beans.factory.xml.XmlBeanDefinitionReader >> Method: org.springframework.beans.factory.xml.XmlBeanDefinitionReader.loadBeanDefinitions(XmlBeanDefinitionReader.java:317) ]
INFO:Loading XML bean definitions from class path resource [spring/springDao.xml]
2018-11-26 12:07:39 下午 [Thread: main][ Class:org.springframework.beans.factory.xml.XmlBeanDefinitionReader >> Method: org.springframework.beans.factory.xml.XmlBeanDefinitionReader.loadBeanDefinitions(XmlBeanDefinitionReader.java:317) ]
INFO:Loading XML bean definitions from class path resource [spring/redis-context.xml]
2018-11-26 12:07:39 下午 [Thread: main][ Class:org.springframework.context.support.GenericApplicationContext >> Method: org.springframework.context.support.AbstractApplicationContext.prepareRefresh(AbstractApplicationContext.java:582) ]
INFO:Refreshing org.springframework.context.support.GenericApplicationContext@33f88ab: startup date [Mon Nov 26 12:07:39 CST 2018]; root of context hierarchy
2018-11-26 12:07:41 下午 [Thread: main][ Class:org.springframework.context.support.PropertySourcesPlaceholderConfigurer >> Method: org.springframework.core.io.support.PropertiesLoaderSupport.loadProperties(PropertiesLoaderSupport.java:172) ]
INFO:Loading properties file from class path resource [spring/jdbc.properties]
2018-11-26 12:07:54 下午 [Thread: Thread-3][ Class:org.springframework.context.support.GenericApplicationContext >> Method: org.springframework.context.support.AbstractApplicationContext.doClose(AbstractApplicationContext.java:987) ]
INFO:Closing org.springframework.context.support.GenericApplicationContext@33f88ab: startup date [Mon Nov 26 12:07:39 CST 2018]; root of context hierarchy
2018-11-26 12:13:36 下午 [Thread: main][ Class:org.springframework.test.context.support.DefaultTestContextBootstrapper >> Method: org.springframework.test.context.support.AbstractTestContextBootstrapper.getDefaultTestExecutionListenerClassNames(AbstractTestContextBootstrapper.java:260) ]
INFO:Loaded default TestExecutionListener class names from location [META-INF/spring.factories]: [org.springframework.test.context.web.ServletTestExecutionListener, org.springframework.test.context.support.DirtiesContextBeforeModesTestExecutionListener, org.springframework.test.context.support.DependencyInjectionTestExecutionListener, org.springframework.test.context.support.DirtiesContextTestExecutionListener, org.springframework.test.context.transaction.TransactionalTestExecutionListener, org.springframework.test.context.jdbc.SqlScriptsTestExecutionListener]
2018-11-26 12:13:36 下午 [Thread: main][ Class:org.springframework.test.context.support.DefaultTestContextBootstrapper >> Method: org.springframework.test.context.support.AbstractTestContextBootstrapper.getTestExecutionListeners(AbstractTestContextBootstrapper.java:187) ]
INFO:Using TestExecutionListeners: [org.springframework.test.context.web.ServletTestExecutionListener@6c3708b3, org.springframework.test.context.support.DirtiesContextBeforeModesTestExecutionListener@6f1fba17, org.springframework.test.context.support.DependencyInjectionTestExecutionListener@185d8b6, org.springframework.test.context.support.DirtiesContextTestExecutionListener@67784306, org.springframework.test.context.transaction.TransactionalTestExecutionListener@335eadca, org.springframework.test.context.jdbc.SqlScriptsTestExecutionListener@210366b4]
2018-11-26 12:13:36 下午 [Thread: main][ Class:org.springframework.beans.factory.xml.XmlBeanDefinitionReader >> Method: org.springframework.beans.factory.xml.XmlBeanDefinitionReader.loadBeanDefinitions(XmlBeanDefinitionReader.java:317) ]
INFO:Loading XML bean definitions from class path resource [spring/springDao.xml]
2018-11-26 12:13:37 下午 [Thread: main][ Class:org.springframework.beans.factory.xml.XmlBeanDefinitionReader >> Method: org.springframework.beans.factory.xml.XmlBeanDefinitionReader.loadBeanDefinitions(XmlBeanDefinitionReader.java:317) ]
INFO:Loading XML bean definitions from class path resource [spring/redis-context.xml]
2018-11-26 12:13:38 下午 [Thread: main][ Class:org.springframework.context.support.GenericApplicationContext >> Method: org.springframework.context.support.AbstractApplicationContext.prepareRefresh(AbstractApplicationContext.java:582) ]
INFO:Refreshing org.springframework.context.support.GenericApplicationContext@33f88ab: startup date [Mon Nov 26 12:13:38 CST 2018]; root of context hierarchy
2018-11-26 12:13:40 下午 [Thread: main][ Class:org.springframework.context.support.PropertySourcesPlaceholderConfigurer >> Method: org.springframework.core.io.support.PropertiesLoaderSupport.loadProperties(PropertiesLoaderSupport.java:172) ]
INFO:Loading properties file from class path resource [spring/jdbc.properties]
2018-11-26 12:13:52 下午 [Thread: Thread-3][ Class:org.springframework.context.support.GenericApplicationContext >> Method: org.springframework.context.support.AbstractApplicationContext.doClose(AbstractApplicationContext.java:987) ]
INFO:Closing org.springframework.context.support.GenericApplicationContext@33f88ab: startup date [Mon Nov 26 12:13:38 CST 2018]; root of context hierarchy
2018-11-26 13:45:12 下午 [Thread: main][ Class:org.springframework.test.context.support.DefaultTestContextBootstrapper >> Method: org.springframework.test.context.support.AbstractTestContextBootstrapper.getDefaultTestExecutionListenerClassNames(AbstractTestContextBootstrapper.java:260) ]
INFO:Loaded default TestExecutionListener class names from location [META-INF/spring.factories]: [org.springframework.test.context.web.ServletTestExecutionListener, org.springframework.test.context.support.DirtiesContextBeforeModesTestExecutionListener, org.springframework.test.context.support.DependencyInjectionTestExecutionListener, org.springframework.test.context.support.DirtiesContextTestExecutionListener, org.springframework.test.context.transaction.TransactionalTestExecutionListener, org.springframework.test.context.jdbc.SqlScriptsTestExecutionListener]
2018-11-26 13:45:12 下午 [Thread: main][ Class:org.springframework.test.context.support.DefaultTestContextBootstrapper >> Method: org.springframework.test.context.support.AbstractTestContextBootstrapper.getTestExecutionListeners(AbstractTestContextBootstrapper.java:187) ]
INFO:Using TestExecutionListeners: [org.springframework.test.context.web.ServletTestExecutionListener@335eadca, org.springframework.test.context.support.DirtiesContextBeforeModesTestExecutionListener@210366b4, org.springframework.test.context.support.DependencyInjectionTestExecutionListener@eec5a4a, org.springframework.test.context.support.DirtiesContextTestExecutionListener@2b2948e2, org.springframework.test.context.transaction.TransactionalTestExecutionListener@6ddf90b0, org.springframework.test.context.jdbc.SqlScriptsTestExecutionListener@57536d79]
2018-11-26 13:45:12 下午 [Thread: main][ Class:org.springframework.beans.factory.xml.XmlBeanDefinitionReader >> Method: org.springframework.beans.factory.xml.XmlBeanDefinitionReader.loadBeanDefinitions(XmlBeanDefinitionReader.java:317) ]
INFO:Loading XML bean definitions from class path resource [spring/springDao.xml]
2018-11-26 13:45:13 下午 [Thread: main][ Class:org.springframework.beans.factory.xml.XmlBeanDefinitionReader >> Method: org.springframework.beans.factory.xml.XmlBeanDefinitionReader.loadBeanDefinitions(XmlBeanDefinitionReader.java:317) ]
INFO:Loading XML bean definitions from class path resource [spring/redis-context.xml]
2018-11-26 13:45:15 下午 [Thread: main][ Class:org.springframework.context.support.GenericApplicationContext >> Method: org.springframework.context.support.AbstractApplicationContext.prepareRefresh(AbstractApplicationContext.java:582) ]
INFO:Refreshing org.springframework.context.support.GenericApplicationContext@646d64ab: startup date [Mon Nov 26 13:45:15 CST 2018]; root of context hierarchy
2018-11-26 13:45:17 下午 [Thread: main][ Class:org.springframework.context.support.PropertySourcesPlaceholderConfigurer >> Method: org.springframework.core.io.support.PropertiesLoaderSupport.loadProperties(PropertiesLoaderSupport.java:172) ]
INFO:Loading properties file from class path resource [spring/jdbc.properties]
2018-11-26 13:45:31 下午 [Thread: main][ Class:com.aliyun.oss >> Method: com.aliyun.oss.common.utils.LogUtils.logException(LogUtils.java:62) ]
WARN:[Unknown]Unable to execute HTTP request: Connection pool shut down
2018-11-26 13:45:31 下午 [Thread: Thread-3][ Class:org.springframework.context.support.GenericApplicationContext >> Method: org.springframework.context.support.AbstractApplicationContext.doClose(AbstractApplicationContext.java:987) ]
INFO:Closing org.springframework.context.support.GenericApplicationContext@646d64ab: startup date [Mon Nov 26 13:45:15 CST 2018]; root of context hierarchy
2018-11-26 13:58:42 下午 [Thread: main][ Class:org.springframework.test.context.support.DefaultTestContextBootstrapper >> Method: org.springframework.test.context.support.AbstractTestContextBootstrapper.getDefaultTestExecutionListenerClassNames(AbstractTestContextBootstrapper.java:260) ]
INFO:Loaded default TestExecutionListener class names from location [META-INF/spring.factories]: [org.springframework.test.context.web.ServletTestExecutionListener, org.springframework.test.context.support.DirtiesContextBeforeModesTestExecutionListener, org.springframework.test.context.support.DependencyInjectionTestExecutionListener, org.springframework.test.context.support.DirtiesContextTestExecutionListener, org.springframework.test.context.transaction.TransactionalTestExecutionListener, org.springframework.test.context.jdbc.SqlScriptsTestExecutionListener]
2018-11-26 13:58:42 下午 [Thread: main][ Class:org.springframework.test.context.support.DefaultTestContextBootstrapper >> Method: org.springframework.test.context.support.AbstractTestContextBootstrapper.getTestExecutionListeners(AbstractTestContextBootstrapper.java:187) ]
INFO:Using TestExecutionListeners: [org.springframework.test.context.web.ServletTestExecutionListener@335eadca, org.springframework.test.context.support.DirtiesContextBeforeModesTestExecutionListener@210366b4, org.springframework.test.context.support.DependencyInjectionTestExecutionListener@eec5a4a, org.springframework.test.context.support.DirtiesContextTestExecutionListener@2b2948e2, org.springframework.test.context.transaction.TransactionalTestExecutionListener@6ddf90b0, org.springframework.test.context.jdbc.SqlScriptsTestExecutionListener@57536d79]
2018-11-26 13:58:42 下午 [Thread: main][ Class:org.springframework.beans.factory.xml.XmlBeanDefinitionReader >> Method: org.springframework.beans.factory.xml.XmlBeanDefinitionReader.loadBeanDefinitions(XmlBeanDefinitionReader.java:317) ]
INFO:Loading XML bean definitions from class path resource [spring/springDao.xml]
2018-11-26 13:58:43 下午 [Thread: main][ Class:org.springframework.beans.factory.xml.XmlBeanDefinitionReader >> Method: org.springframework.beans.factory.xml.XmlBeanDefinitionReader.loadBeanDefinitions(XmlBeanDefinitionReader.java:317) ]
INFO:Loading XML bean definitions from class path resource [spring/redis-context.xml]
2018-11-26 13:58:44 下午 [Thread: main][ Class:org.springframework.context.support.GenericApplicationContext >> Method: org.springframework.context.support.AbstractApplicationContext.prepareRefresh(AbstractApplicationContext.java:582) ]
INFO:Refreshing org.springframework.context.support.GenericApplicationContext@646d64ab: startup date [Mon Nov 26 13:58:44 CST 2018]; root of context hierarchy
2018-11-26 13:58:45 下午 [Thread: main][ Class:org.springframework.context.support.PropertySourcesPlaceholderConfigurer >> Method: org.springframework.core.io.support.PropertiesLoaderSupport.loadProperties(PropertiesLoaderSupport.java:172) ]
INFO:Loading properties file from class path resource [spring/jdbc.properties]
2018-11-26 13:58:58 下午 [Thread: Thread-3][ Class:org.springframework.context.support.GenericApplicationContext >> Method: org.springframework.context.support.AbstractApplicationContext.doClose(AbstractApplicationContext.java:987) ]
INFO:Closing org.springframework.context.support.GenericApplicationContext@646d64ab: startup date [Mon Nov 26 13:58:44 CST 2018]; root of context hierarchy
2018-11-26 14:00:10 下午 [Thread: main][ Class:org.springframework.test.context.support.DefaultTestContextBootstrapper >> Method: org.springframework.test.context.support.AbstractTestContextBootstrapper.getDefaultTestExecutionListenerClassNames(AbstractTestContextBootstrapper.java:260) ]
INFO:Loaded default TestExecutionListener class names from location [META-INF/spring.factories]: [org.springframework.test.context.web.ServletTestExecutionListener, org.springframework.test.context.support.DirtiesContextBeforeModesTestExecutionListener, org.springframework.test.context.support.DependencyInjectionTestExecutionListener, org.springframework.test.context.support.DirtiesContextTestExecutionListener, org.springframework.test.context.transaction.TransactionalTestExecutionListener, org.springframework.test.context.jdbc.SqlScriptsTestExecutionListener]
2018-11-26 14:00:10 下午 [Thread: main][ Class:org.springframework.test.context.support.DefaultTestContextBootstrapper >> Method: org.springframework.test.context.support.AbstractTestContextBootstrapper.getTestExecutionListeners(AbstractTestContextBootstrapper.java:187) ]
INFO:Using TestExecutionListeners: [org.springframework.test.context.web.ServletTestExecutionListener@335eadca, org.springframework.test.context.support.DirtiesContextBeforeModesTestExecutionListener@210366b4, org.springframework.test.context.support.DependencyInjectionTestExecutionListener@eec5a4a, org.springframework.test.context.support.DirtiesContextTestExecutionListener@2b2948e2, org.springframework.test.context.transaction.TransactionalTestExecutionListener@6ddf90b0, org.springframework.test.context.jdbc.SqlScriptsTestExecutionListener@57536d79]
2018-11-26 14:00:10 下午 [Thread: main][ Class:org.springframework.beans.factory.xml.XmlBeanDefinitionReader >> Method: org.springframework.beans.factory.xml.XmlBeanDefinitionReader.loadBeanDefinitions(XmlBeanDefinitionReader.java:317) ]
INFO:Loading XML bean definitions from class path resource [spring/springDao.xml]
2018-11-26 14:00:11 下午 [Thread: main][ Class:org.springframework.beans.factory.xml.XmlBeanDefinitionReader >> Method: org.springframework.beans.factory.xml.XmlBeanDefinitionReader.loadBeanDefinitions(XmlBeanDefinitionReader.java:317) ]
INFO:Loading XML bean definitions from class path resource [spring/redis-context.xml]
2018-11-26 14:00:12 下午 [Thread: main][ Class:org.springframework.context.support.GenericApplicationContext >> Method: org.springframework.context.support.AbstractApplicationContext.prepareRefresh(AbstractApplicationContext.java:582) ]
INFO:Refreshing org.springframework.context.support.GenericApplicationContext@646d64ab: startup date [Mon Nov 26 14:00:12 CST 2018]; root of context hierarchy
2018-11-26 14:00:14 下午 [Thread: main][ Class:org.springframework.context.support.PropertySourcesPlaceholderConfigurer >> Method: org.springframework.core.io.support.PropertiesLoaderSupport.loadProperties(PropertiesLoaderSupport.java:172) ]
INFO:Loading properties file from class path resource [spring/jdbc.properties]
2018-11-26 14:00:28 下午 [Thread: Thread-3][ Class:org.springframework.context.support.GenericApplicationContext >> Method: org.springframework.context.support.AbstractApplicationContext.doClose(AbstractApplicationContext.java:987) ]
INFO:Closing org.springframework.context.support.GenericApplicationContext@646d64ab: startup date [Mon Nov 26 14:00:12 CST 2018]; root of context hierarchy
2018-11-26 14:01:09 下午 [Thread: main][ Class:org.springframework.test.context.support.DefaultTestContextBootstrapper >> Method: org.springframework.test.context.support.AbstractTestContextBootstrapper.getDefaultTestExecutionListenerClassNames(AbstractTestContextBootstrapper.java:260) ]
INFO:Loaded default TestExecutionListener class names from location [META-INF/spring.factories]: [org.springframework.test.context.web.ServletTestExecutionListener, org.springframework.test.context.support.DirtiesContextBeforeModesTestExecutionListener, org.springframework.test.context.support.DependencyInjectionTestExecutionListener, org.springframework.test.context.support.DirtiesContextTestExecutionListener, org.springframework.test.context.transaction.TransactionalTestExecutionListener, org.springframework.test.context.jdbc.SqlScriptsTestExecutionListener]
2018-11-26 14:01:09 下午 [Thread: main][ Class:org.springframework.test.context.support.DefaultTestContextBootstrapper >> Method: org.springframework.test.context.support.AbstractTestContextBootstrapper.getTestExecutionListeners(AbstractTestContextBootstrapper.java:187) ]
INFO:Using TestExecutionListeners: [org.springframework.test.context.web.ServletTestExecutionListener@335eadca, org.springframework.test.context.support.DirtiesContextBeforeModesTestExecutionListener@210366b4, org.springframework.test.context.support.DependencyInjectionTestExecutionListener@eec5a4a, org.springframework.test.context.support.DirtiesContextTestExecutionListener@2b2948e2, org.springframework.test.context.transaction.TransactionalTestExecutionListener@6ddf90b0, org.springframework.test.context.jdbc.SqlScriptsTestExecutionListener@57536d79]
2018-11-26 14:01:09 下午 [Thread: main][ Class:org.springframework.beans.factory.xml.XmlBeanDefinitionReader >> Method: org.springframework.beans.factory.xml.XmlBeanDefinitionReader.loadBeanDefinitions(XmlBeanDefinitionReader.java:317) ]
INFO:Loading XML bean definitions from class path resource [spring/springDao.xml]
2018-11-26 14:01:10 下午 [Thread: main][ Class:org.springframework.beans.factory.xml.XmlBeanDefinitionReader >> Method: org.springframework.beans.factory.xml.XmlBeanDefinitionReader.loadBeanDefinitions(XmlBeanDefinitionReader.java:317) ]
INFO:Loading XML bean definitions from class path resource [spring/redis-context.xml]
2018-11-26 14:01:11 下午 [Thread: main][ Class:org.springframework.context.support.GenericApplicationContext >> Method: org.springframework.context.support.AbstractApplicationContext.prepareRefresh(AbstractApplicationContext.java:582) ]
INFO:Refreshing org.springframework.context.support.GenericApplicationContext@646d64ab: startup date [Mon Nov 26 14:01:11 CST 2018]; root of context hierarchy
2018-11-26 14:01:12 下午 [Thread: main][ Class:org.springframework.context.support.PropertySourcesPlaceholderConfigurer >> Method: org.springframework.core.io.support.PropertiesLoaderSupport.loadProperties(PropertiesLoaderSupport.java:172) ]
INFO:Loading properties file from class path resource [spring/jdbc.properties]
2018-11-26 14:01:24 下午 [Thread: main][ Class:com.aliyun.oss >> Method: com.aliyun.oss.common.utils.LogUtils.logException(LogUtils.java:62) ]
WARN:[Server]Unable to execute HTTP request: The specified bucket is not valid.
[ErrorCode]: InvalidBucketName
[RequestId]: 5BFB8C33FA86911A0A58B2FC
[HostId]: luboliang.luboliang.oss-cn-beijing.aliyuncs.com
[ResponseError]:
<?xml version="1.0" encoding="UTF-8"?>
<Error>
  <Code>InvalidBucketName</Code>
  <Message>The specified bucket is not valid.</Message>
  <RequestId>5BFB8C33FA86911A0A58B2FC</RequestId>
  <HostId>luboliang.luboliang.oss-cn-beijing.aliyuncs.com</HostId>
  <BucketName>luboliang.luboliang</BucketName>
</Error>

2018-11-26 14:01:24 下午 [Thread: Thread-3][ Class:org.springframework.context.support.GenericApplicationContext >> Method: org.springframework.context.support.AbstractApplicationContext.doClose(AbstractApplicationContext.java:987) ]
INFO:Closing org.springframework.context.support.GenericApplicationContext@646d64ab: startup date [Mon Nov 26 14:01:11 CST 2018]; root of context hierarchy
2018-11-26 14:02:19 下午 [Thread: main][ Class:org.springframework.test.context.support.DefaultTestContextBootstrapper >> Method: org.springframework.test.context.support.AbstractTestContextBootstrapper.getDefaultTestExecutionListenerClassNames(AbstractTestContextBootstrapper.java:260) ]
INFO:Loaded default TestExecutionListener class names from location [META-INF/spring.factories]: [org.springframework.test.context.web.ServletTestExecutionListener, org.springframework.test.context.support.DirtiesContextBeforeModesTestExecutionListener, org.springframework.test.context.support.DependencyInjectionTestExecutionListener, org.springframework.test.context.support.DirtiesContextTestExecutionListener, org.springframework.test.context.transaction.TransactionalTestExecutionListener, org.springframework.test.context.jdbc.SqlScriptsTestExecutionListener]
2018-11-26 14:02:19 下午 [Thread: main][ Class:org.springframework.test.context.support.DefaultTestContextBootstrapper >> Method: org.springframework.test.context.support.AbstractTestContextBootstrapper.getTestExecutionListeners(AbstractTestContextBootstrapper.java:187) ]
INFO:Using TestExecutionListeners: [org.springframework.test.context.web.ServletTestExecutionListener@335eadca, org.springframework.test.context.support.DirtiesContextBeforeModesTestExecutionListener@210366b4, org.springframework.test.context.support.DependencyInjectionTestExecutionListener@eec5a4a, org.springframework.test.context.support.DirtiesContextTestExecutionListener@2b2948e2, org.springframework.test.context.transaction.TransactionalTestExecutionListener@6ddf90b0, org.springframework.test.context.jdbc.SqlScriptsTestExecutionListener@57536d79]
2018-11-26 14:02:20 下午 [Thread: main][ Class:org.springframework.beans.factory.xml.XmlBeanDefinitionReader >> Method: org.springframework.beans.factory.xml.XmlBeanDefinitionReader.loadBeanDefinitions(XmlBeanDefinitionReader.java:317) ]
INFO:Loading XML bean definitions from class path resource [spring/springDao.xml]
2018-11-26 14:02:21 下午 [Thread: main][ Class:org.springframework.beans.factory.xml.XmlBeanDefinitionReader >> Method: org.springframework.beans.factory.xml.XmlBeanDefinitionReader.loadBeanDefinitions(XmlBeanDefinitionReader.java:317) ]
INFO:Loading XML bean definitions from class path resource [spring/redis-context.xml]
2018-11-26 14:02:21 下午 [Thread: main][ Class:org.springframework.context.support.GenericApplicationContext >> Method: org.springframework.context.support.AbstractApplicationContext.prepareRefresh(AbstractApplicationContext.java:582) ]
INFO:Refreshing org.springframework.context.support.GenericApplicationContext@646d64ab: startup date [Mon Nov 26 14:02:21 CST 2018]; root of context hierarchy
2018-11-26 14:02:23 下午 [Thread: main][ Class:org.springframework.context.support.PropertySourcesPlaceholderConfigurer >> Method: org.springframework.core.io.support.PropertiesLoaderSupport.loadProperties(PropertiesLoaderSupport.java:172) ]
INFO:Loading properties file from class path resource [spring/jdbc.properties]
2018-11-26 14:02:39 下午 [Thread: main][ Class:com.aliyun.oss >> Method: com.aliyun.oss.common.utils.LogUtils.logException(LogUtils.java:62) ]
WARN:[Unknown]Unable to execute HTTP request: Connection pool shut down
2018-11-26 14:02:39 下午 [Thread: Thread-3][ Class:org.springframework.context.support.GenericApplicationContext >> Method: org.springframework.context.support.AbstractApplicationContext.doClose(AbstractApplicationContext.java:987) ]
INFO:Closing org.springframework.context.support.GenericApplicationContext@646d64ab: startup date [Mon Nov 26 14:02:21 CST 2018]; root of context hierarchy
2018-11-26 14:03:41 下午 [Thread: main][ Class:org.springframework.test.context.support.DefaultTestContextBootstrapper >> Method: org.springframework.test.context.support.AbstractTestContextBootstrapper.getDefaultTestExecutionListenerClassNames(AbstractTestContextBootstrapper.java:260) ]
INFO:Loaded default TestExecutionListener class names from location [META-INF/spring.factories]: [org.springframework.test.context.web.ServletTestExecutionListener, org.springframework.test.context.support.DirtiesContextBeforeModesTestExecutionListener, org.springframework.test.context.support.DependencyInjectionTestExecutionListener, org.springframework.test.context.support.DirtiesContextTestExecutionListener, org.springframework.test.context.transaction.TransactionalTestExecutionListener, org.springframework.test.context.jdbc.SqlScriptsTestExecutionListener]
2018-11-26 14:03:41 下午 [Thread: main][ Class:org.springframework.test.context.support.DefaultTestContextBootstrapper >> Method: org.springframework.test.context.support.AbstractTestContextBootstrapper.getTestExecutionListeners(AbstractTestContextBootstrapper.java:187) ]
INFO:Using TestExecutionListeners: [org.springframework.test.context.web.ServletTestExecutionListener@335eadca, org.springframework.test.context.support.DirtiesContextBeforeModesTestExecutionListener@210366b4, org.springframework.test.context.support.DependencyInjectionTestExecutionListener@eec5a4a, org.springframework.test.context.support.DirtiesContextTestExecutionListener@2b2948e2, org.springframework.test.context.transaction.TransactionalTestExecutionListener@6ddf90b0, org.springframework.test.context.jdbc.SqlScriptsTestExecutionListener@57536d79]
2018-11-26 14:03:42 下午 [Thread: main][ Class:org.springframework.beans.factory.xml.XmlBeanDefinitionReader >> Method: org.springframework.beans.factory.xml.XmlBeanDefinitionReader.loadBeanDefinitions(XmlBeanDefinitionReader.java:317) ]
INFO:Loading XML bean definitions from class path resource [spring/springDao.xml]
2018-11-26 14:03:42 下午 [Thread: main][ Class:org.springframework.beans.factory.xml.XmlBeanDefinitionReader >> Method: org.springframework.beans.factory.xml.XmlBeanDefinitionReader.loadBeanDefinitions(XmlBeanDefinitionReader.java:317) ]
INFO:Loading XML bean definitions from class path resource [spring/redis-context.xml]
2018-11-26 14:03:43 下午 [Thread: main][ Class:org.springframework.context.support.GenericApplicationContext >> Method: org.springframework.context.support.AbstractApplicationContext.prepareRefresh(AbstractApplicationContext.java:582) ]
INFO:Refreshing org.springframework.context.support.GenericApplicationContext@646d64ab: startup date [Mon Nov 26 14:03:43 CST 2018]; root of context hierarchy
2018-11-26 14:03:45 下午 [Thread: main][ Class:org.springframework.context.support.PropertySourcesPlaceholderConfigurer >> Method: org.springframework.core.io.support.PropertiesLoaderSupport.loadProperties(PropertiesLoaderSupport.java:172) ]
INFO:Loading properties file from class path resource [spring/jdbc.properties]
2018-11-26 14:04:00 下午 [Thread: Thread-3][ Class:org.springframework.context.support.GenericApplicationContext >> Method: org.springframework.context.support.AbstractApplicationContext.doClose(AbstractApplicationContext.java:987) ]
INFO:Closing org.springframework.context.support.GenericApplicationContext@646d64ab: startup date [Mon Nov 26 14:03:43 CST 2018]; root of context hierarchy
2018-11-26 15:01:57 下午 [Thread: main][ Class:org.springframework.test.context.support.DefaultTestContextBootstrapper >> Method: org.springframework.test.context.support.AbstractTestContextBootstrapper.getDefaultTestExecutionListenerClassNames(AbstractTestContextBootstrapper.java:260) ]
INFO:Loaded default TestExecutionListener class names from location [META-INF/spring.factories]: [org.springframework.test.context.web.ServletTestExecutionListener, org.springframework.test.context.support.DirtiesContextBeforeModesTestExecutionListener, org.springframework.test.context.support.DependencyInjectionTestExecutionListener, org.springframework.test.context.support.DirtiesContextTestExecutionListener, org.springframework.test.context.transaction.TransactionalTestExecutionListener, org.springframework.test.context.jdbc.SqlScriptsTestExecutionListener]
2018-11-26 15:01:57 下午 [Thread: main][ Class:org.springframework.test.context.support.DefaultTestContextBootstrapper >> Method: org.springframework.test.context.support.AbstractTestContextBootstrapper.getTestExecutionListeners(AbstractTestContextBootstrapper.java:187) ]
INFO:Using TestExecutionListeners: [org.springframework.test.context.web.ServletTestExecutionListener@335eadca, org.springframework.test.context.support.DirtiesContextBeforeModesTestExecutionListener@210366b4, org.springframework.test.context.support.DependencyInjectionTestExecutionListener@eec5a4a, org.springframework.test.context.support.DirtiesContextTestExecutionListener@2b2948e2, org.springframework.test.context.transaction.TransactionalTestExecutionListener@6ddf90b0, org.springframework.test.context.jdbc.SqlScriptsTestExecutionListener@57536d79]
2018-11-26 15:03:26 下午 [Thread: main][ Class:org.springframework.test.context.support.DefaultTestContextBootstrapper >> Method: org.springframework.test.context.support.AbstractTestContextBootstrapper.getDefaultTestExecutionListenerClassNames(AbstractTestContextBootstrapper.java:260) ]
INFO:Loaded default TestExecutionListener class names from location [META-INF/spring.factories]: [org.springframework.test.context.web.ServletTestExecutionListener, org.springframework.test.context.support.DirtiesContextBeforeModesTestExecutionListener, org.springframework.test.context.support.DependencyInjectionTestExecutionListener, org.springframework.test.context.support.DirtiesContextTestExecutionListener, org.springframework.test.context.transaction.TransactionalTestExecutionListener, org.springframework.test.context.jdbc.SqlScriptsTestExecutionListener]
2018-11-26 15:03:26 下午 [Thread: main][ Class:org.springframework.test.context.support.DefaultTestContextBootstrapper >> Method: org.springframework.test.context.support.AbstractTestContextBootstrapper.getTestExecutionListeners(AbstractTestContextBootstrapper.java:187) ]
INFO:Using TestExecutionListeners: [org.springframework.test.context.web.ServletTestExecutionListener@335eadca, org.springframework.test.context.support.DirtiesContextBeforeModesTestExecutionListener@210366b4, org.springframework.test.context.support.DependencyInjectionTestExecutionListener@eec5a4a, org.springframework.test.context.support.DirtiesContextTestExecutionListener@2b2948e2, org.springframework.test.context.transaction.TransactionalTestExecutionListener@6ddf90b0, org.springframework.test.context.jdbc.SqlScriptsTestExecutionListener@57536d79]
2018-11-26 15:04:37 下午 [Thread: main][ Class:org.springframework.test.context.support.DefaultTestContextBootstrapper >> Method: org.springframework.test.context.support.AbstractTestContextBootstrapper.getDefaultTestExecutionListenerClassNames(AbstractTestContextBootstrapper.java:260) ]
INFO:Loaded default TestExecutionListener class names from location [META-INF/spring.factories]: [org.springframework.test.context.web.ServletTestExecutionListener, org.springframework.test.context.support.DirtiesContextBeforeModesTestExecutionListener, org.springframework.test.context.support.DependencyInjectionTestExecutionListener, org.springframework.test.context.support.DirtiesContextTestExecutionListener, org.springframework.test.context.transaction.TransactionalTestExecutionListener, org.springframework.test.context.jdbc.SqlScriptsTestExecutionListener]
2018-11-26 15:04:38 下午 [Thread: main][ Class:org.springframework.test.context.support.DefaultTestContextBootstrapper >> Method: org.springframework.test.context.support.AbstractTestContextBootstrapper.getTestExecutionListeners(AbstractTestContextBootstrapper.java:187) ]
INFO:Using TestExecutionListeners: [org.springframework.test.context.web.ServletTestExecutionListener@335eadca, org.springframework.test.context.support.DirtiesContextBeforeModesTestExecutionListener@210366b4, org.springframework.test.context.support.DependencyInjectionTestExecutionListener@eec5a4a, org.springframework.test.context.support.DirtiesContextTestExecutionListener@2b2948e2, org.springframework.test.context.transaction.TransactionalTestExecutionListener@6ddf90b0, org.springframework.test.context.jdbc.SqlScriptsTestExecutionListener@57536d79]
2018-11-26 15:05:57 下午 [Thread: main][ Class:org.springframework.test.context.support.DefaultTestContextBootstrapper >> Method: org.springframework.test.context.support.AbstractTestContextBootstrapper.getDefaultTestExecutionListenerClassNames(AbstractTestContextBootstrapper.java:260) ]
INFO:Loaded default TestExecutionListener class names from location [META-INF/spring.factories]: [org.springframework.test.context.web.ServletTestExecutionListener, org.springframework.test.context.support.DirtiesContextBeforeModesTestExecutionListener, org.springframework.test.context.support.DependencyInjectionTestExecutionListener, org.springframework.test.context.support.DirtiesContextTestExecutionListener, org.springframework.test.context.transaction.TransactionalTestExecutionListener, org.springframework.test.context.jdbc.SqlScriptsTestExecutionListener]
2018-11-26 15:05:58 下午 [Thread: main][ Class:org.springframework.test.context.support.DefaultTestContextBootstrapper >> Method: org.springframework.test.context.support.AbstractTestContextBootstrapper.getTestExecutionListeners(AbstractTestContextBootstrapper.java:187) ]
INFO:Using TestExecutionListeners: [org.springframework.test.context.web.ServletTestExecutionListener@335eadca, org.springframework.test.context.support.DirtiesContextBeforeModesTestExecutionListener@210366b4, org.springframework.test.context.support.DependencyInjectionTestExecutionListener@eec5a4a, org.springframework.test.context.support.DirtiesContextTestExecutionListener@2b2948e2, org.springframework.test.context.transaction.TransactionalTestExecutionListener@6ddf90b0, org.springframework.test.context.jdbc.SqlScriptsTestExecutionListener@57536d79]
2018-11-26 15:05:58 下午 [Thread: main][ Class:org.springframework.beans.factory.xml.XmlBeanDefinitionReader >> Method: org.springframework.beans.factory.xml.XmlBeanDefinitionReader.loadBeanDefinitions(XmlBeanDefinitionReader.java:317) ]
INFO:Loading XML bean definitions from class path resource [spring/springDao.xml]
2018-11-26 15:05:59 下午 [Thread: main][ Class:org.springframework.beans.factory.xml.XmlBeanDefinitionReader >> Method: org.springframework.beans.factory.xml.XmlBeanDefinitionReader.loadBeanDefinitions(XmlBeanDefinitionReader.java:317) ]
INFO:Loading XML bean definitions from class path resource [spring/redis-context.xml]
2018-11-26 15:06:00 下午 [Thread: main][ Class:org.springframework.context.support.GenericApplicationContext >> Method: org.springframework.context.support.AbstractApplicationContext.prepareRefresh(AbstractApplicationContext.java:582) ]
INFO:Refreshing org.springframework.context.support.GenericApplicationContext@646d64ab: startup date [Mon Nov 26 15:06:00 CST 2018]; root of context hierarchy
2018-11-26 15:06:01 下午 [Thread: main][ Class:org.springframework.context.support.PropertySourcesPlaceholderConfigurer >> Method: org.springframework.core.io.support.PropertiesLoaderSupport.loadProperties(PropertiesLoaderSupport.java:172) ]
INFO:Loading properties file from class path resource [spring/jdbc.properties]
2018-11-26 15:06:13 下午 [Thread: Thread-3][ Class:org.springframework.context.support.GenericApplicationContext >> Method: org.springframework.context.support.AbstractApplicationContext.doClose(AbstractApplicationContext.java:987) ]
INFO:Closing org.springframework.context.support.GenericApplicationContext@646d64ab: startup date [Mon Nov 26 15:06:00 CST 2018]; root of context hierarchy
2018-11-26 15:06:40 下午 [Thread: main][ Class:org.springframework.test.context.support.DefaultTestContextBootstrapper >> Method: org.springframework.test.context.support.AbstractTestContextBootstrapper.getDefaultTestExecutionListenerClassNames(AbstractTestContextBootstrapper.java:260) ]
INFO:Loaded default TestExecutionListener class names from location [META-INF/spring.factories]: [org.springframework.test.context.web.ServletTestExecutionListener, org.springframework.test.context.support.DirtiesContextBeforeModesTestExecutionListener, org.springframework.test.context.support.DependencyInjectionTestExecutionListener, org.springframework.test.context.support.DirtiesContextTestExecutionListener, org.springframework.test.context.transaction.TransactionalTestExecutionListener, org.springframework.test.context.jdbc.SqlScriptsTestExecutionListener]
2018-11-26 15:06:40 下午 [Thread: main][ Class:org.springframework.test.context.support.DefaultTestContextBootstrapper >> Method: org.springframework.test.context.support.AbstractTestContextBootstrapper.getTestExecutionListeners(AbstractTestContextBootstrapper.java:187) ]
INFO:Using TestExecutionListeners: [org.springframework.test.context.web.ServletTestExecutionListener@335eadca, org.springframework.test.context.support.DirtiesContextBeforeModesTestExecutionListener@210366b4, org.springframework.test.context.support.DependencyInjectionTestExecutionListener@eec5a4a, org.springframework.test.context.support.DirtiesContextTestExecutionListener@2b2948e2, org.springframework.test.context.transaction.TransactionalTestExecutionListener@6ddf90b0, org.springframework.test.context.jdbc.SqlScriptsTestExecutionListener@57536d79]
2018-11-26 15:06:40 下午 [Thread: main][ Class:org.springframework.beans.factory.xml.XmlBeanDefinitionReader >> Method: org.springframework.beans.factory.xml.XmlBeanDefinitionReader.loadBeanDefinitions(XmlBeanDefinitionReader.java:317) ]
INFO:Loading XML bean definitions from class path resource [spring/springDao.xml]
2018-11-26 15:06:41 下午 [Thread: main][ Class:org.springframework.beans.factory.xml.XmlBeanDefinitionReader >> Method: org.springframework.beans.factory.xml.XmlBeanDefinitionReader.loadBeanDefinitions(XmlBeanDefinitionReader.java:317) ]
INFO:Loading XML bean definitions from class path resource [spring/redis-context.xml]
2018-11-26 15:06:42 下午 [Thread: main][ Class:org.springframework.context.support.GenericApplicationContext >> Method: org.springframework.context.support.AbstractApplicationContext.prepareRefresh(AbstractApplicationContext.java:582) ]
INFO:Refreshing org.springframework.context.support.GenericApplicationContext@646d64ab: startup date [Mon Nov 26 15:06:42 CST 2018]; root of context hierarchy
2018-11-26 15:06:43 下午 [Thread: main][ Class:org.springframework.context.support.PropertySourcesPlaceholderConfigurer >> Method: org.springframework.core.io.support.PropertiesLoaderSupport.loadProperties(PropertiesLoaderSupport.java:172) ]
INFO:Loading properties file from class path resource [spring/jdbc.properties]
2018-11-26 15:06:59 下午 [Thread: Thread-3][ Class:org.springframework.context.support.GenericApplicationContext >> Method: org.springframework.context.support.AbstractApplicationContext.doClose(AbstractApplicationContext.java:987) ]
INFO:Closing org.springframework.context.support.GenericApplicationContext@646d64ab: startup date [Mon Nov 26 15:06:42 CST 2018]; root of context hierarchy
2018-11-26 22:02:47 下午 [Thread: main][ Class:org.springframework.test.context.support.DefaultTestContextBootstrapper >> Method: org.springframework.test.context.support.AbstractTestContextBootstrapper.getDefaultTestExecutionListenerClassNames(AbstractTestContextBootstrapper.java:260) ]
INFO:Loaded default TestExecutionListener class names from location [META-INF/spring.factories]: [org.springframework.test.context.web.ServletTestExecutionListener, org.springframework.test.context.support.DirtiesContextBeforeModesTestExecutionListener, org.springframework.test.context.support.DependencyInjectionTestExecutionListener, org.springframework.test.context.support.DirtiesContextTestExecutionListener, org.springframework.test.context.transaction.TransactionalTestExecutionListener, org.springframework.test.context.jdbc.SqlScriptsTestExecutionListener]
2018-11-26 22:02:47 下午 [Thread: main][ Class:org.springframework.test.context.support.DefaultTestContextBootstrapper >> Method: org.springframework.test.context.support.AbstractTestContextBootstrapper.getTestExecutionListeners(AbstractTestContextBootstrapper.java:187) ]
INFO:Using TestExecutionListeners: [org.springframework.test.context.web.ServletTestExecutionListener@335eadca, org.springframework.test.context.support.DirtiesContextBeforeModesTestExecutionListener@210366b4, org.springframework.test.context.support.DependencyInjectionTestExecutionListener@eec5a4a, org.springframework.test.context.support.DirtiesContextTestExecutionListener@2b2948e2, org.springframework.test.context.transaction.TransactionalTestExecutionListener@6ddf90b0, org.springframework.test.context.jdbc.SqlScriptsTestExecutionListener@57536d79]
2018-11-26 22:02:48 下午 [Thread: main][ Class:org.springframework.beans.factory.xml.XmlBeanDefinitionReader >> Method: org.springframework.beans.factory.xml.XmlBeanDefinitionReader.loadBeanDefinitions(XmlBeanDefinitionReader.java:317) ]
INFO:Loading XML bean definitions from class path resource [spring/springDao.xml]
2018-11-26 22:02:49 下午 [Thread: main][ Class:org.springframework.beans.factory.xml.XmlBeanDefinitionReader >> Method: org.springframework.beans.factory.xml.XmlBeanDefinitionReader.loadBeanDefinitions(XmlBeanDefinitionReader.java:317) ]
INFO:Loading XML bean definitions from class path resource [spring/redis-context.xml]
2018-11-26 22:02:50 下午 [Thread: main][ Class:org.springframework.context.support.GenericApplicationContext >> Method: org.springframework.context.support.AbstractApplicationContext.prepareRefresh(AbstractApplicationContext.java:582) ]
INFO:Refreshing org.springframework.context.support.GenericApplicationContext@646d64ab: startup date [Mon Nov 26 22:02:50 CST 2018]; root of context hierarchy
2018-11-26 22:02:53 下午 [Thread: main][ Class:org.springframework.context.support.PropertySourcesPlaceholderConfigurer >> Method: org.springframework.core.io.support.PropertiesLoaderSupport.loadProperties(PropertiesLoaderSupport.java:172) ]
INFO:Loading properties file from class path resource [spring/jdbc.properties]
2018-11-26 22:03:18 下午 [Thread: Thread-3][ Class:org.springframework.context.support.GenericApplicationContext >> Method: org.springframework.context.support.AbstractApplicationContext.doClose(AbstractApplicationContext.java:987) ]
INFO:Closing org.springframework.context.support.GenericApplicationContext@646d64ab: startup date [Mon Nov 26 22:02:50 CST 2018]; root of context hierarchy
